\BOOKMARK [0][-]{Doc-Start}{\376\377\000M\036\345\000c\000\040\000l\036\345\000c}{}% 1
\BOOKMARK [0][-]{Doc-Start}{\376\377\000D\000a\000n\000h\000\040\000s\000\341\000c\000h\000\040\000h\000\354\000n\000h\000\040\000v\036\275}{}% 2
\BOOKMARK [0][-]{Doc-Start}{\376\377\000D\000a\000n\000h\000\040\000s\000\341\000c\000h\000\040\000b\000a\000n\000g}{}% 3
\BOOKMARK [0][-]{chapter*.1}{\376\377\000D\000a\000n\000h\000\040\000m\036\345\000c\000\040\000c\000\341\000c\000\040\000t\036\353\000\040\000v\000i\036\277\000t\000\040\000t\036\257\000t}{}% 4
\BOOKMARK [0][-]{chapter*.1}{\376\377\000T\000\363\000m\000\040\000t\036\257\000t}{}% 5
\BOOKMARK [0][-]{chapter.1}{\376\377\000M\036\337\000\040\001\021\036\247\000u}{}% 6
\BOOKMARK [1][-]{section.1.1}{\376\377\000G\000i\036\333\000i\000\040\000t\000h\000i\036\307\000u}{chapter.1}% 7
\BOOKMARK [2][-]{subsection.1.1.1}{\376\377\000V\000i\000\040\000k\000h\000u\036\251\000n\000,\000\040\000v\000i\000-\000r\000\372\000t\000,\000\040\000t\000h\036\361\000c\000\040\000k\000h\000u\036\251\000n\000\040\000v\000\340\000\040\000v\000\371\000n\000g\000\040\000p\000r\000o\000t\000e\000i\000n\000\040\000b\036\243\000o\000\040\000t\036\323\000n}{section.1.1}% 8
\BOOKMARK [2][-]{subsection.1.1.2}{\376\377\001\020\036\331\000n\000g\000\040\000l\036\361\000c\000\040\000t\000h\000\372\000c\000\040\001\021\036\251\000y}{section.1.1}% 9
\BOOKMARK [1][-]{section.1.2}{\376\377\000P\000h\000\341\000t\000\040\000b\000i\036\303\000u\000\040\000b\000\340\000i\000\040\000t\000o\000\341\000n}{chapter.1}% 10
\BOOKMARK [2][-]{subsection.1.2.1}{\376\377\001\020\036\313\000n\000h\000\040\000n\000g\000h\001\051\000a\000\040\000b\000\340\000i\000\040\000t\000o\000\341\000n}{section.1.2}% 11
\BOOKMARK [2][-]{subsection.1.2.2}{\376\377\001\020\036\267\000c\000\040\001\021\000i\036\303\000m\000\040\000c\036\347\000a\000\040\000b\000\340\000i\000\040\000t\000o\000\341\000n}{section.1.2}% 12
\BOOKMARK [2][-]{subsection.1.2.3}{\376\377\000T\000h\000\341\000c\000h\000\040\000t\000h\036\351\000c\000\040\000t\000r\000o\000n\000g\000\040\000q\000u\000\341\000\040\000t\000r\000\354\000n\000h\000\040\000t\000h\036\361\000c\000\040\000h\000i\036\307\000n}{section.1.2}% 13
\BOOKMARK [1][-]{section.1.3}{\376\377\000N\000g\000u\036\323\000n\000\040\000d\036\357\000\040\000l\000i\036\307\000u\000\040\000v\000\340\000\040\001\021\036\313\000n\000h\000\040\000d\036\241\000n\000g\000\040\000d\036\357\000\040\000l\000i\036\307\000u}{chapter.1}% 14
\BOOKMARK [2][-]{subsection.1.3.1}{\376\377\000N\000g\000u\036\323\000n\000\040\000d\036\357\000\040\000l\000i\036\307\000u}{section.1.3}% 15
\BOOKMARK [2][-]{subsection.1.3.2}{\376\377\001\020\036\313\000n\000h\000\040\000d\036\241\000n\000g\000\040\000d\036\357\000\040\000l\000i\036\307\000u}{section.1.3}% 16
\BOOKMARK [0][-]{chapter.2}{\376\377\000C\000\341\000c\000\040\000n\000g\000h\000i\000\352\000n\000\040\000c\036\351\000u\000\040\000l\000i\000\352\000n\000\040\000q\000u\000a\000n}{}% 17
\BOOKMARK [1][-]{section.2.1}{\376\377\000P\000h\000\342\000n\000\040\000l\000o\036\241\000i\000\040\000t\000h\000e\000o\000\040\000p\000h\001\260\001\241\000n\000g\000\040\000p\000h\000\341\000p\000\040\000h\036\315\000c\000\040\000m\000\341\000y}{chapter.2}% 18
\BOOKMARK [1][-]{section.2.2}{\376\377\000S\036\257\000p\000\040\000x\036\277\000p\000\040\000t\000h\000e\000o\000\040\000t\000h\036\351\000\040\000t\036\361\000\040\000t\000h\036\335\000i\000\040\000g\000i\000a\000n\000\040\000c\000\364\000n\000g\000\040\000b\036\321}{chapter.2}% 19
\BOOKMARK [1][-]{section.2.3}{\376\377\000P\000h\001\260\001\241\000n\000g\000\040\000p\000h\000\341\000p\000\040\000t\000r\000\354\000n\000h\000\040\000b\000\340\000y\000\040\000t\000r\000o\000n\000g\000\040\000c\000\341\000c\000\040\000p\000h\036\247\000n\000\040\000t\000i\036\277\000p\000\040\000t\000h\000e\000o}{chapter.2}% 20
\BOOKMARK [1][-]{section.2.4}{\376\377\000P\000H\000A\000C\000T\000S}{chapter.2}% 21
\BOOKMARK [2][-]{subsection.2.4.1}{\376\377\000D\036\357\000\040\000l\000i\036\307\000u\000\040\000h\000u\036\245\000n\000\040\000l\000u\000y\036\307\000n}{section.2.4}% 22
\BOOKMARK [2][-]{subsection.2.4.2}{\376\377\000P\000h\001\260\001\241\000n\000g\000\040\000p\000h\000\341\000p}{section.2.4}% 23
\BOOKMARK [2][-]{subsection.2.4.3}{\376\377\000T\036\321\000i\000\040\001\260\000u\000\040\000v\000\340\000\040\001\021\000\341\000n\000h\000\040\000g\000i\000\341}{section.2.4}% 24
\BOOKMARK [1][-]{section.2.5}{\376\377\000P\000h\000a\000g\000e\000A\000I}{chapter.2}% 25
\BOOKMARK [2][-]{subsection.2.5.1}{\376\377\000N\000g\000u\036\323\000n\000\040\000d\036\357\000\040\000l\000i\036\307\000u}{section.2.5}% 26
\BOOKMARK [2][-]{subsection.2.5.2}{\376\377\000N\000g\000u\000y\000\352\000n\000\040\000l\000\375\000\040\000h\000o\036\241\000t\000\040\001\021\036\331\000n\000g}{section.2.5}% 27
\BOOKMARK [2][-]{subsection.2.5.3}{\376\377\000K\036\277\000t\000\040\000q\000u\036\243\000\040\000v\000\340\000\040\000h\000i\036\307\000u\000\040\000s\000u\036\245\000t\000\040\000c\036\347\000a\000\040\000P\000h\000a\000g\000e\000A\000I}{section.2.5}% 28
\BOOKMARK [1][-]{section.2.6}{\376\377\000B\000A\000C\000P\000H\000L\000I\000P}{chapter.2}% 29
\BOOKMARK [1][-]{section.2.7}{\376\377\000D\000e\000e\000P\000h\000a\000g\000e}{chapter.2}% 30
\BOOKMARK [1][-]{section.2.8}{\376\377\000P\000h\000a\000T\000Y\000P}{chapter.2}% 31
\BOOKMARK [1][-]{section.2.9}{\376\377\000D\000e\000e\000p\000P\000L}{chapter.2}% 32
\BOOKMARK [0][-]{chapter.3}{\376\377\000T\000h\036\361\000c\000\040\000n\000g\000h\000i\036\307\000m}{}% 33
\BOOKMARK [1][-]{section.3.1}{\376\377\000\040\000X\000\342\000y\000\040\000d\036\361\000n\000g\000\040\000b\036\331\000\040\000d\036\357\000\040\000l\000i\036\307\000u}{chapter.3}% 34
\BOOKMARK [2][-]{subsection.3.1.1}{\376\377\000\040\000X\036\355\000\040\000l\000\375\000\040\000n\000h\000\343\000n\000\040}{section.3.1}% 35
\BOOKMARK [1][-]{section.3.2}{\376\377\000K\036\313\000c\000h\000\040\000b\036\243\000n\000\040\000t\000h\036\361\000c\000\040\000n\000g\000h\000i\036\307\000m}{chapter.3}% 36
\BOOKMARK [1][-]{section.3.3}{\376\377\000C\000\341\000c\000\040\000c\000h\036\311\000\040\000s\036\321\000\040\001\021\000\341\000n\000h\000\040\000g\000i\000\341}{chapter.3}% 37
\BOOKMARK [1][-]{section.3.4}{\376\377\000K\036\277\000t\000\040\000q\000u\036\243}{chapter.3}% 38
\BOOKMARK [2][-]{subsection.3.4.1}{\376\377\000S\000o\000\040\000s\000\341\000n\000h\000\040\000h\000i\036\307\000u\000\040\000s\000u\036\245\000t\000\040\000p\000h\000\342\000n\000\040\000l\000o\036\241\000i\000\040\000g\000i\036\357\000a\000\040\000D\000e\000e\000P\000h\000a\000g\000e\000\040\000v\000\340\000\040\000X\000G\000B\000o\000o\000s\000t\000\040\000t\000r\000\352\000n\000\040\000b\036\331\000\040\000d\036\357\000\040\000l\000i\036\307\000u\000\040\000x\000\342\000y\000\040\000d\036\361\000n\000g}{section.3.4}% 39
\BOOKMARK [0][-]{chapter.4}{\376\377\000K\036\277\000t\000\040\000l\000u\036\255\000n}{}% 40
\BOOKMARK [1][-]{section.4.1}{\376\377\000D\036\357\000\040\000l\000i\036\307\000u}{chapter.4}% 41
\BOOKMARK [1][-]{section.4.2}{\376\377\000K\036\277\000t\000\040\000q\000u\036\243\000\040\000c\000\341\000c\000\040\000b\000\340\000i\000\040\000b\000\341\000o}{chapter.4}% 42
\BOOKMARK [1][-]{section.4.3}{\376\377\000K\036\277\000t\000\040\000q\000u\036\243\000\040\000t\000h\036\361\000c\000\040\000n\000g\000h\000i\036\307\000m}{chapter.4}% 43
\BOOKMARK [1][-]{section.4.4}{\376\377\000H\001\260\036\333\000n\000g\000\040\000n\000g\000h\000i\000\352\000n\000\040\000c\036\351\000u\000\040\000t\000i\036\277\000p\000\040\000t\000h\000e\000o}{chapter.4}% 44
\BOOKMARK [0][-]{section*.29}{\376\377\000T\000\340\000i\000\040\000l\000i\036\307\000u\000\040\000t\000h\000a\000m\000\040\000k\000h\036\243\000o}{}% 45
